12/14/23 12:39:21 EST -0500 | ########## START ##########
12/14/23 12:39:21 EST -0500 | Processing: /data/bvre-platform-data
12/14/23 12:39:22 EST -0500 | On branch bvre-platform-data
12/14/23 12:39:22 EST -0500 | Your branch is up to date with 'origin/bvre-platform-data'.
12/14/23 12:39:22 EST -0500 | 
12/14/23 12:39:22 EST -0500 | nothing to commit, working tree clean
12/14/23 12:39:22 EST -0500 | Processing: /data/bjorn-logs
12/14/23 12:39:22 EST -0500 | [bjorn-logs d6b188b] 12/14/23 12:39:22 EST -0500
12/14/23 12:39:22 EST -0500 |  4 files changed, 111 insertions(+), 41 deletions(-)
12/14/23 12:39:22 EST -0500 |  create mode 100644 git-push.log
12/14/23 12:39:22 EST -0500 |  delete mode 100644 test
12/14/23 12:39:22 EST -0500 |  rewrite time.log (100%)
12/14/23 12:39:23 EST -0500 | To github.com:FLARE-forecast/BVRE-data.git
12/14/23 12:39:23 EST -0500 |    833e514..d6b188b  d6b188b710f78d2c5af05b20e62f99ca9c291435 -> bjorn-logs
12/14/23 12:39:23 EST -0500 | ##########  END  ##########
12/14/23 12:40:26 EST -0500 | ########## START ##########
12/14/23 12:40:26 EST -0500 | Processing: /data/bvre-platform-data
12/14/23 12:40:26 EST -0500 | On branch bvre-platform-data
12/14/23 12:40:26 EST -0500 | Your branch is up to date with 'origin/bvre-platform-data'.
12/14/23 12:40:26 EST -0500 | 
12/14/23 12:40:26 EST -0500 | nothing to commit, working tree clean
12/14/23 12:40:26 EST -0500 | Processing: /data/bjorn-logs
12/14/23 12:40:26 EST -0500 | [bjorn-logs 71ae09f] 12/14/23 12:40:26 EST -0500
12/14/23 12:40:26 EST -0500 |  3 files changed, 80 insertions(+)
12/14/23 12:40:27 EST -0500 | To github.com:FLARE-forecast/BVRE-data.git
12/14/23 12:40:27 EST -0500 |    d6b188b..71ae09f  71ae09f2eb0f39a2c195f7ad0b191fb1be81a96e -> bjorn-logs
12/14/23 12:40:27 EST -0500 | ##########  END  ##########
12/14/23 12:44:49 EST -0500 | ########## START ##########
12/14/23 12:44:49 EST -0500 | Processing: /data/bvre-platform-data
12/14/23 12:44:56 EST -0500 | [bvre-platform-data 8ce5d56] 12/14/23 12:44:49 EST -0500
12/14/23 12:44:56 EST -0500 |  1 file changed, 1 insertion(+)
12/14/23 12:45:03 EST -0500 | remote: warning: See https://gh.io/lfs for more information.        
12/14/23 12:45:03 EST -0500 | remote: warning: File bvre-waterquality.csv is 71.01 MB; this is larger than GitHub's recommended maximum file size of 50.00 MB        
12/14/23 12:45:03 EST -0500 | remote: warning: GH001: Large files detected. You may want to try Git Large File Storage - https://git-lfs.github.com.        
12/14/23 12:45:04 EST -0500 | To github.com:FLARE-forecast/BVRE-data.git
12/14/23 12:45:04 EST -0500 |    5ec1ac2..8ce5d56  8ce5d561c3e0e00fdf0d4bc51cfc4d4eebaa5f32 -> bvre-platform-data
12/14/23 12:45:04 EST -0500 | Processing: /data/bjorn-logs
12/14/23 12:45:04 EST -0500 | fatal: detected dubious ownership in repository at '/data/bjorn-logs'
12/14/23 12:45:04 EST -0500 | To add an exception for this directory, call:
12/14/23 12:45:04 EST -0500 | 
12/14/23 12:45:04 EST -0500 | 	git config --global --add safe.directory /data/bjorn-logs
12/14/23 12:52:50 EST -0500 | ########## START ##########
12/14/23 12:52:50 EST -0500 | Processing: /data/bvre-platform-data
12/14/23 12:52:56 EST -0500 | [bvre-platform-data 2b640e5] 12/14/23 12:52:50 EST -0500
12/14/23 12:52:56 EST -0500 |  1 file changed, 457 insertions(+), 1 deletion(-)
12/14/23 12:53:07 EST -0500 | remote: warning: See https://gh.io/lfs for more information.        
12/14/23 12:53:07 EST -0500 | remote: warning: File bvre-waterquality.csv is 71.16 MB; this is larger than GitHub's recommended maximum file size of 50.00 MB        
12/14/23 12:53:07 EST -0500 | remote: warning: GH001: Large files detected. You may want to try Git Large File Storage - https://git-lfs.github.com.        
12/14/23 12:53:07 EST -0500 | To github.com:FLARE-forecast/BVRE-data.git
12/14/23 12:53:07 EST -0500 |    8ce5d56..2b640e5  2b640e53d1c37e1036505fc481cd7680f262bce2 -> bvre-platform-data
12/14/23 12:53:07 EST -0500 | Processing: /data/bjorn-logs
12/14/23 12:53:07 EST -0500 | [bjorn-logs 021a7c8] 12/14/23 12:53:07 EST -0500
12/14/23 12:53:07 EST -0500 |  3 files changed, 814 insertions(+)
12/14/23 12:53:08 EST -0500 | To github.com:FLARE-forecast/BVRE-data.git
12/14/23 12:53:08 EST -0500 |    71ae09f..021a7c8  021a7c8dae5746cbf579e0161e267b40d30c409f -> bjorn-logs
12/14/23 12:53:08 EST -0500 | ##########  END  ##########
12/14/23 16:27:10 EST -0500 | ########## START ##########
12/14/23 16:27:10 EST -0500 | Processing: /data/bvre-platform-data
12/14/23 16:27:16 EST -0500 | [bvre-platform-data 64891c7] 12/14/23 16:27:10 EST -0500
12/14/23 16:27:16 EST -0500 |  1 file changed, 21 insertions(+)
12/14/23 16:27:24 EST -0500 | remote: warning: See https://gh.io/lfs for more information.        
12/14/23 16:27:24 EST -0500 | remote: warning: File bvre-waterquality.csv is 71.17 MB; this is larger than GitHub's recommended maximum file size of 50.00 MB        
12/14/23 16:27:24 EST -0500 | remote: warning: GH001: Large files detected. You may want to try Git Large File Storage - https://git-lfs.github.com.        
12/14/23 16:27:24 EST -0500 | To github.com:FLARE-forecast/BVRE-data.git
12/14/23 16:27:24 EST -0500 |    2b640e5..64891c7  64891c7e93dd1076ef22e23620309858933904cc -> bvre-platform-data
12/14/23 16:27:24 EST -0500 | Processing: /data/bjorn-logs
12/14/23 16:27:24 EST -0500 | [bjorn-logs 469b1c9] 12/14/23 16:27:24 EST -0500
12/14/23 16:27:24 EST -0500 |  9 files changed, 286 insertions(+)
12/14/23 16:27:24 EST -0500 |  create mode 100644 autossh.log
12/14/23 16:27:24 EST -0500 |  create mode 100644 nebula-overlay-network.log
12/14/23 16:27:24 EST -0500 |  create mode 100644 reverse-ssh.log
12/14/23 16:27:24 EST -0500 |  create mode 100644 shutdown-scheduler.log
12/14/23 16:27:24 EST -0500 |  create mode 100644 startup-notifier.log
12/14/23 16:27:24 EST -0500 |  create mode 100644 status-monitor.log
12/14/23 16:27:25 EST -0500 | To github.com:FLARE-forecast/BVRE-data.git
12/14/23 16:27:26 EST -0500 |    021a7c8..469b1c9  469b1c9b0cd218877a291b2097790869053f3ce8 -> bjorn-logs
12/14/23 16:27:26 EST -0500 | ##########  END  ##########
12/14/23 16:27:47 EST -0500 | ########## START ##########
12/14/23 16:27:47 EST -0500 | Processing: /data/bvre-platform-data
12/14/23 16:27:47 EST -0500 | On branch bvre-platform-data
12/14/23 16:27:47 EST -0500 | Your branch is up to date with 'origin/bvre-platform-data'.
12/14/23 16:27:47 EST -0500 | 
12/14/23 16:27:47 EST -0500 | nothing to commit, working tree clean
12/14/23 16:27:47 EST -0500 | Processing: /data/bjorn-logs
12/14/23 16:27:47 EST -0500 | [bjorn-logs 4becd10] 12/14/23 16:27:47 EST -0500
12/14/23 16:27:47 EST -0500 |  2 files changed, 25 insertions(+)
12/14/23 16:27:47 EST -0500 |  create mode 100644 git-garbage-collector.log
12/14/23 16:27:48 EST -0500 | To github.com:FLARE-forecast/BVRE-data.git
12/14/23 16:27:48 EST -0500 |    469b1c9..4becd10  4becd10cdcf3650d651ce06067eb85bb59feb755 -> bjorn-logs
12/14/23 16:27:48 EST -0500 | ##########  END  ##########
12/14/23 20:27:11 EST -0500 | ########## START ##########
12/14/23 20:27:11 EST -0500 | Processing: /data/bvre-platform-data
12/14/23 20:27:16 EST -0500 | [bvre-platform-data d3cb387] 12/14/23 20:27:11 EST -0500
12/14/23 20:27:16 EST -0500 |  1 file changed, 24 insertions(+)
12/14/23 20:27:24 EST -0500 | remote: warning: See https://gh.io/lfs for more information.        
12/14/23 20:27:24 EST -0500 | remote: warning: File bvre-waterquality.csv is 71.17 MB; this is larger than GitHub's recommended maximum file size of 50.00 MB        
12/14/23 20:27:24 EST -0500 | remote: warning: GH001: Large files detected. You may want to try Git Large File Storage - https://git-lfs.github.com.        
12/14/23 20:27:25 EST -0500 | To github.com:FLARE-forecast/BVRE-data.git
12/14/23 20:27:25 EST -0500 |    64891c7..d3cb387  d3cb38793dfc1d0b0676f0d28d0fbdd97e5c6986 -> bvre-platform-data
12/14/23 20:27:25 EST -0500 | Processing: /data/bjorn-logs
12/14/23 20:27:25 EST -0500 | [bjorn-logs 8b14b58] 12/14/23 20:27:25 EST -0500
12/14/23 20:27:25 EST -0500 |  8 files changed, 244 insertions(+)
12/14/23 20:27:26 EST -0500 | To github.com:FLARE-forecast/BVRE-data.git
12/14/23 20:27:26 EST -0500 |    4becd10..8b14b58  8b14b58402f6c3cb2ea53fb80d78df8155e4f499 -> bjorn-logs
12/14/23 20:27:26 EST -0500 | ##########  END  ##########
12/14/23 20:27:43 EST -0500 | ########## START ##########
12/14/23 20:27:43 EST -0500 | Processing: /data/bvre-platform-data
12/14/23 20:27:43 EST -0500 | On branch bvre-platform-data
12/14/23 20:27:43 EST -0500 | Your branch is up to date with 'origin/bvre-platform-data'.
12/14/23 20:27:43 EST -0500 | 
12/14/23 20:27:43 EST -0500 | nothing to commit, working tree clean
12/14/23 20:27:43 EST -0500 | Processing: /data/bjorn-logs
12/14/23 20:27:43 EST -0500 | [bjorn-logs da1f271] 12/14/23 20:27:43 EST -0500
12/14/23 20:27:43 EST -0500 |  2 files changed, 19 insertions(+)
12/14/23 20:27:44 EST -0500 | To github.com:FLARE-forecast/BVRE-data.git
12/14/23 20:27:44 EST -0500 |    8b14b58..da1f271  da1f2712cda3058f149c2c0c765c6c9d1aa0e799 -> bjorn-logs
12/14/23 20:27:44 EST -0500 | ##########  END  ##########
12/14/23 20:30:02 EST -0500 | ########## START ##########
12/14/23 20:30:02 EST -0500 | Processing: /data/bvre-platform-data
12/14/23 20:30:08 EST -0500 | [bvre-platform-data 98cd761] 12/14/23 20:30:02 EST -0500
12/14/23 20:30:08 EST -0500 |  1 file changed, 1 insertion(+)
12/14/23 20:30:16 EST -0500 | remote: warning: See https://gh.io/lfs for more information.        
12/14/23 20:30:16 EST -0500 | remote: warning: File bvre-waterquality.csv is 71.17 MB; this is larger than GitHub's recommended maximum file size of 50.00 MB        
12/14/23 20:30:16 EST -0500 | remote: warning: GH001: Large files detected. You may want to try Git Large File Storage - https://git-lfs.github.com.        
12/14/23 20:30:16 EST -0500 | To github.com:FLARE-forecast/BVRE-data.git
