12/14/23 16:27:26 EST -0500 | ########## START ##########
12/14/23 16:27:26 EST -0500 | Disk status before Git garbage collection:
12/14/23 16:27:26 EST -0500 | /dev/sda1                           59G   38G   19G  67% /data
12/14/23 16:27:26 EST -0500 | Processing: /data/bvre-platform-data
12/14/23 16:27:46 EST -0500 | Disk status after Git garbage collection:
12/14/23 16:27:46 EST -0500 | /dev/sda1                           59G   37G   19G  67% /data
12/14/23 16:27:46 EST -0500 | Processing: /data/bjorn-logs
12/14/23 16:27:47 EST -0500 | Disk status after Git garbage collection:
12/14/23 16:27:47 EST -0500 | /dev/sda1                           59G   37G   19G  67% /data
12/14/23 16:27:47 EST -0500 | ##########  END  ##########
12/14/23 20:27:27 EST -0500 | ########## START ##########
12/14/23 20:27:27 EST -0500 | Disk status before Git garbage collection:
12/14/23 20:27:27 EST -0500 | /dev/sda1                           59G   37G   19G  67% /data
12/14/23 20:27:27 EST -0500 | Processing: /data/bvre-platform-data
12/14/23 20:27:42 EST -0500 | Disk status after Git garbage collection:
12/14/23 20:27:42 EST -0500 | /dev/sda1                           59G   37G   19G  67% /data
12/14/23 20:27:42 EST -0500 | Processing: /data/bjorn-logs
12/14/23 20:27:42 EST -0500 | Disk status after Git garbage collection:
12/14/23 20:27:42 EST -0500 | /dev/sda1                           59G   37G   19G  67% /data
12/14/23 20:27:42 EST -0500 | ##########  END  ##########
12/14/23 20:30:18 EST -0500 | ########## START ##########
12/14/23 20:30:18 EST -0500 | Disk status before Git garbage collection:
12/14/23 20:30:18 EST -0500 | /dev/sda1                           59G   37G   19G  67% /data
12/14/23 20:30:18 EST -0500 | Processing: /data/bvre-platform-data
12/14/23 20:30:33 EST -0500 | Disk status after Git garbage collection:
12/14/23 20:30:33 EST -0500 | /dev/sda1                           59G   37G   19G  67% /data
12/14/23 20:30:33 EST -0500 | Processing: /data/bjorn-logs
12/14/23 20:30:33 EST -0500 | Disk status after Git garbage collection:
12/14/23 20:30:33 EST -0500 | /dev/sda1                           59G   37G   19G  67% /data
12/14/23 20:30:33 EST -0500 | ##########  END  ##########
12/15/23 00:27:27 EST -0500 | ########## START ##########
12/15/23 00:27:27 EST -0500 | Disk status before Git garbage collection:
12/15/23 00:27:27 EST -0500 | /dev/sda1                           59G   37G   19G  67% /data
12/15/23 00:27:27 EST -0500 | Processing: /data/bvre-platform-data
12/15/23 00:27:42 EST -0500 | Disk status after Git garbage collection:
12/15/23 00:27:42 EST -0500 | /dev/sda1                           59G   37G   19G  67% /data
12/15/23 00:27:42 EST -0500 | Processing: /data/bjorn-logs
12/15/23 00:27:42 EST -0500 | Disk status after Git garbage collection:
12/15/23 00:27:42 EST -0500 | /dev/sda1                           59G   37G   19G  67% /data
12/15/23 00:27:42 EST -0500 | ##########  END  ##########
12/15/23 00:30:17 EST -0500 | ########## START ##########
12/15/23 00:30:17 EST -0500 | Disk status before Git garbage collection:
12/15/23 00:30:17 EST -0500 | /dev/sda1                           59G   37G   19G  67% /data
12/15/23 00:30:17 EST -0500 | Processing: /data/bvre-platform-data
12/15/23 00:30:32 EST -0500 | Disk status after Git garbage collection:
12/15/23 00:30:32 EST -0500 | /dev/sda1                           59G   37G   19G  67% /data
12/15/23 00:30:32 EST -0500 | Processing: /data/bjorn-logs
12/15/23 00:30:32 EST -0500 | Disk status after Git garbage collection:
12/15/23 00:30:32 EST -0500 | /dev/sda1                           59G   37G   19G  67% /data
12/15/23 00:30:32 EST -0500 | ##########  END  ##########
12/15/23 04:27:28 EST -0500 | ########## START ##########
12/15/23 04:27:28 EST -0500 | Disk status before Git garbage collection:
12/15/23 04:27:28 EST -0500 | /dev/sda1                           59G   37G   19G  67% /data
12/15/23 04:27:28 EST -0500 | Processing: /data/bvre-platform-data
12/15/23 04:27:43 EST -0500 | Disk status after Git garbage collection:
12/15/23 04:27:43 EST -0500 | /dev/sda1                           59G   37G   19G  67% /data
12/15/23 04:27:43 EST -0500 | Processing: /data/bjorn-logs
12/15/23 04:27:43 EST -0500 | Disk status after Git garbage collection:
12/15/23 04:27:43 EST -0500 | /dev/sda1                           59G   37G   19G  67% /data
12/15/23 04:27:43 EST -0500 | ##########  END  ##########
12/15/23 08:27:27 EST -0500 | ########## START ##########
12/15/23 08:27:27 EST -0500 | Disk status before Git garbage collection:
12/15/23 08:27:27 EST -0500 | /dev/sda1                           59G   37G   19G  67% /data
12/15/23 08:27:27 EST -0500 | Processing: /data/bvre-platform-data
12/15/23 08:27:42 EST -0500 | Disk status after Git garbage collection:
12/15/23 08:27:42 EST -0500 | /dev/sda1                           59G   37G   19G  67% /data
12/15/23 08:27:42 EST -0500 | Processing: /data/bjorn-logs
12/15/23 08:27:42 EST -0500 | Disk status after Git garbage collection:
12/15/23 08:27:42 EST -0500 | /dev/sda1                           59G   37G   19G  67% /data
12/15/23 08:27:42 EST -0500 | ##########  END  ##########
12/15/23 08:30:17 EST -0500 | ########## START ##########
12/15/23 08:30:17 EST -0500 | Disk status before Git garbage collection:
12/15/23 08:30:17 EST -0500 | /dev/sda1                           59G   37G   19G  67% /data
12/15/23 08:30:17 EST -0500 | Processing: /data/bvre-platform-data
12/15/23 08:30:32 EST -0500 | Disk status after Git garbage collection:
12/15/23 08:30:32 EST -0500 | /dev/sda1                           59G   37G   19G  67% /data
12/15/23 08:30:32 EST -0500 | Processing: /data/bjorn-logs
12/15/23 08:30:32 EST -0500 | Disk status after Git garbage collection:
12/15/23 08:30:32 EST -0500 | /dev/sda1                           59G   37G   19G  67% /data
12/15/23 08:30:32 EST -0500 | ##########  END  ##########
12/15/23 12:27:28 EST -0500 | ########## START ##########
12/15/23 12:27:28 EST -0500 | Disk status before Git garbage collection:
12/15/23 12:27:28 EST -0500 | /dev/sda1                           59G   37G   19G  67% /data
12/15/23 12:27:28 EST -0500 | Processing: /data/bvre-platform-data
12/15/23 12:27:43 EST -0500 | Disk status after Git garbage collection:
12/15/23 12:27:43 EST -0500 | /dev/sda1                           59G   37G   19G  67% /data
12/15/23 12:27:43 EST -0500 | Processing: /data/bjorn-logs
12/15/23 12:27:43 EST -0500 | Disk status after Git garbage collection:
12/15/23 12:27:43 EST -0500 | /dev/sda1                           59G   37G   19G  67% /data
12/15/23 12:27:43 EST -0500 | ##########  END  ##########
12/15/23 16:27:28 EST -0500 | ########## START ##########
12/15/23 16:27:28 EST -0500 | Disk status before Git garbage collection:
12/15/23 16:27:28 EST -0500 | /dev/sda1                           59G   37G   19G  67% /data
12/15/23 16:27:28 EST -0500 | Processing: /data/bvre-platform-data
12/15/23 16:27:43 EST -0500 | Disk status after Git garbage collection:
12/15/23 16:27:43 EST -0500 | /dev/sda1                           59G   37G   19G  67% /data
12/15/23 16:27:43 EST -0500 | Processing: /data/bjorn-logs
12/15/23 16:27:43 EST -0500 | Disk status after Git garbage collection:
12/15/23 16:27:43 EST -0500 | /dev/sda1                           59G   37G   19G  67% /data
12/15/23 16:27:43 EST -0500 | ##########  END  ##########
12/15/23 20:27:28 EST -0500 | ########## START ##########
12/15/23 20:27:28 EST -0500 | Disk status before Git garbage collection:
12/15/23 20:27:28 EST -0500 | /dev/sda1                           59G   37G   19G  67% /data
12/15/23 20:27:28 EST -0500 | Processing: /data/bvre-platform-data
12/15/23 20:27:43 EST -0500 | Disk status after Git garbage collection:
12/15/23 20:27:43 EST -0500 | /dev/sda1                           59G   37G   19G  67% /data
12/15/23 20:27:43 EST -0500 | Processing: /data/bjorn-logs
12/15/23 20:27:43 EST -0500 | Disk status after Git garbage collection:
12/15/23 20:27:43 EST -0500 | /dev/sda1                           59G   37G   19G  67% /data
12/15/23 20:27:43 EST -0500 | ##########  END  ##########
12/15/23 20:30:17 EST -0500 | ########## START ##########
12/15/23 20:30:17 EST -0500 | Disk status before Git garbage collection:
12/15/23 20:30:17 EST -0500 | /dev/sda1                           59G   37G   19G  67% /data
12/15/23 20:30:17 EST -0500 | Processing: /data/bvre-platform-data
12/15/23 20:30:32 EST -0500 | Disk status after Git garbage collection:
12/15/23 20:30:32 EST -0500 | /dev/sda1                           59G   37G   19G  67% /data
12/15/23 20:30:32 EST -0500 | Processing: /data/bjorn-logs
12/15/23 20:30:32 EST -0500 | Disk status after Git garbage collection:
12/15/23 20:30:32 EST -0500 | /dev/sda1                           59G   37G   19G  67% /data
12/15/23 20:30:32 EST -0500 | ##########  END  ##########
12/16/23 00:27:29 EST -0500 | ########## START ##########
12/16/23 00:27:29 EST -0500 | Disk status before Git garbage collection:
12/16/23 00:27:29 EST -0500 | /dev/sda1                           59G   37G   19G  67% /data
12/16/23 00:27:29 EST -0500 | Processing: /data/bvre-platform-data
12/16/23 00:27:44 EST -0500 | Disk status after Git garbage collection:
12/16/23 00:27:44 EST -0500 | /dev/sda1                           59G   37G   19G  67% /data
12/16/23 00:27:44 EST -0500 | Processing: /data/bjorn-logs
12/16/23 00:27:44 EST -0500 | Disk status after Git garbage collection:
12/16/23 00:27:44 EST -0500 | /dev/sda1                           59G   37G   19G  67% /data
12/16/23 00:27:44 EST -0500 | ##########  END  ##########
