
############################ bjorn - 06/23/23 12:54:23 EST -0500 ############################

2023/06/23 12:54:23 autossh[1427]: checking for grace period, tries = 0
2023/06/23 12:54:23 autossh[1427]: starting ssh (count 1)
2023/06/23 12:54:23 autossh[1427]: ssh child pid is 1428
2023/06/23 12:54:23 autossh[1427]: check on child 1428
2023/06/23 12:54:23 autossh[1427]: clear alarm timer (0 secs left)
2023/06/23 12:54:23 autossh[1427]: set alarm for 600 secs
2023/06/23 12:54:23 autossh[1428]: child of 1427 execing /usr/bin/ssh
2023/06/23 13:03:30 autossh[1427]: received signal to exit (15)
2023/06/23 13:03:30 autossh[1427]: clear alarm timer (53 secs left)

############################ bjorn - 06/23/23 15:42:38 EST -0500 ############################

2023/06/23 15:42:38 autossh[1459]: checking for grace period, tries = 0
2023/06/23 15:42:38 autossh[1459]: starting ssh (count 1)
2023/06/23 15:42:38 autossh[1459]: ssh child pid is 1461
2023/06/23 15:42:38 autossh[1459]: check on child 1461
2023/06/23 15:42:38 autossh[1459]: clear alarm timer (0 secs left)
2023/06/23 15:42:38 autossh[1459]: set alarm for 600 secs
2023/06/23 15:42:38 autossh[1461]: child of 1459 execing /usr/bin/ssh

############################ bjorn - 06/27/23 09:28:19 EST -0500 ############################

2023/06/27 09:28:19 autossh[1512]: checking for grace period, tries = 0
2023/06/27 09:28:19 autossh[1512]: starting ssh (count 1)
2023/06/27 09:28:19 autossh[1512]: ssh child pid is 1513
2023/06/27 09:28:19 autossh[1512]: check on child 1513
2023/06/27 09:28:19 autossh[1512]: clear alarm timer (0 secs left)
2023/06/27 09:28:19 autossh[1512]: set alarm for 600 secs
2023/06/27 09:28:19 autossh[1513]: child of 1512 execing /usr/bin/ssh
2023/06/27 09:28:56 autossh[1512]: received signal to exit (15)
2023/06/27 09:28:56 autossh[1512]: clear alarm timer (563 secs left)

############################ bjorn - 06/27/23 09:33:09 EST -0500 ############################

2023/06/27 09:33:09 autossh[1487]: checking for grace period, tries = 0
2023/06/27 09:33:09 autossh[1487]: starting ssh (count 1)
2023/06/27 09:33:09 autossh[1487]: ssh child pid is 1488
2023/06/27 09:33:09 autossh[1487]: check on child 1488
2023/06/27 09:33:09 autossh[1487]: clear alarm timer (0 secs left)
2023/06/27 09:33:09 autossh[1487]: set alarm for 600 secs
2023/06/27 09:33:09 autossh[1488]: child of 1487 execing /usr/bin/ssh
2023/06/27 09:37:32 autossh[1487]: received signal to exit (15)
2023/06/27 09:37:32 autossh[1487]: clear alarm timer (337 secs left)

############################ bjorn - 06/27/23 09:46:31 EST -0500 ############################

2023/06/27 09:46:31 autossh[1426]: checking for grace period, tries = 0
2023/06/27 09:46:31 autossh[1426]: starting ssh (count 1)
2023/06/27 09:46:31 autossh[1426]: ssh child pid is 1427
2023/06/27 09:46:31 autossh[1426]: check on child 1427
2023/06/27 09:46:31 autossh[1426]: clear alarm timer (0 secs left)
2023/06/27 09:46:31 autossh[1426]: set alarm for 600 secs
2023/06/27 09:46:31 autossh[1427]: child of 1426 execing /usr/bin/ssh

############################ bjorn - 06/27/23 14:12:21 EST -0500 ############################

2023/06/27 14:12:21 autossh[1485]: checking for grace period, tries = 0
2023/06/27 14:12:21 autossh[1485]: starting ssh (count 1)
2023/06/27 14:12:21 autossh[1485]: ssh child pid is 1486
2023/06/27 14:12:21 autossh[1485]: check on child 1486
2023/06/27 14:12:21 autossh[1485]: clear alarm timer (0 secs left)
2023/06/27 14:12:21 autossh[1485]: set alarm for 600 secs
2023/06/27 14:12:21 autossh[1486]: child of 1485 execing /usr/bin/ssh
2023/06/27 14:22:21 autossh[1485]: received SIGALRM (end-of-life 0)
2023/06/27 14:22:36 autossh[1485]: timeout polling to accept read connection
2023/06/27 14:22:36 autossh[1485]: port down, restarting ssh
2023/06/27 14:22:36 autossh[1485]: clear alarm timer (0 secs left)
2023/06/27 14:22:36 autossh[1485]: checking for grace period, tries = 0
2023/06/27 14:22:36 autossh[1485]: starting ssh (count 2)
2023/06/27 14:22:36 autossh[1485]: ssh child pid is 1950
2023/06/27 14:22:36 autossh[1485]: check on child 1950
2023/06/27 14:22:36 autossh[1485]: clear alarm timer (0 secs left)
2023/06/27 14:22:36 autossh[1485]: set alarm for 600 secs
2023/06/27 14:22:36 autossh[1950]: child of 1485 execing /usr/bin/ssh
2023/06/27 14:32:36 autossh[1485]: received SIGALRM (end-of-life 0)
2023/06/27 14:32:51 autossh[1485]: timeout polling to accept read connection
2023/06/27 14:32:51 autossh[1485]: port down, restarting ssh
2023/06/27 14:32:51 autossh[1485]: clear alarm timer (0 secs left)
2023/06/27 14:32:51 autossh[1485]: checking for grace period, tries = 0
2023/06/27 14:32:51 autossh[1485]: starting ssh (count 3)
2023/06/27 14:32:51 autossh[1485]: ssh child pid is 2225
2023/06/27 14:32:51 autossh[1485]: check on child 2225
2023/06/27 14:32:51 autossh[1485]: clear alarm timer (0 secs left)
2023/06/27 14:32:51 autossh[1485]: set alarm for 600 secs
2023/06/27 14:32:51 autossh[2225]: child of 1485 execing /usr/bin/ssh
2023/06/27 14:41:33 autossh[1485]: check on child 2225
2023/06/27 14:41:33 autossh[1485]: clear alarm timer (78 secs left)
2023/06/27 14:41:33 autossh[1485]: set alarm for 78 secs
2023/06/27 14:41:33 autossh[1485]: signalled to exit
2023/06/27 14:41:33 autossh[1485]: check on child 2225
2023/06/27 14:41:33 autossh[1485]: clear alarm timer (78 secs left)
2023/06/27 14:41:33 autossh[1485]: set alarm for 78 secs
2023/06/27 14:41:33 autossh[1485]: signalled to exit
2023/06/27 14:41:33 autossh[1485]: waitpid() not successful: No child processes
2023/06/27 14:41:33 autossh[1485]: clear alarm timer (78 secs left)

############################ bjorn - 06/27/23 20:12:20 EST -0500 ############################

2023/06/27 20:12:20 autossh[1446]: checking for grace period, tries = 0
2023/06/27 20:12:20 autossh[1446]: starting ssh (count 1)
2023/06/27 20:12:20 autossh[1446]: ssh child pid is 1447
2023/06/27 20:12:20 autossh[1446]: check on child 1447
2023/06/27 20:12:20 autossh[1446]: clear alarm timer (0 secs left)
2023/06/27 20:12:20 autossh[1446]: set alarm for 600 secs
2023/06/27 20:12:20 autossh[1447]: child of 1446 execing /usr/bin/ssh
2023/06/27 20:22:20 autossh[1446]: received SIGALRM (end-of-life 0)
2023/06/27 20:22:35 autossh[1446]: timeout polling to accept read connection
2023/06/27 20:22:35 autossh[1446]: port down, restarting ssh
2023/06/27 20:22:35 autossh[1446]: clear alarm timer (0 secs left)
2023/06/27 20:22:35 autossh[1446]: checking for grace period, tries = 0
2023/06/27 20:22:35 autossh[1446]: starting ssh (count 2)
2023/06/27 20:22:35 autossh[1446]: ssh child pid is 1963
2023/06/27 20:22:35 autossh[1446]: check on child 1963
2023/06/27 20:22:35 autossh[1446]: clear alarm timer (0 secs left)
2023/06/27 20:22:35 autossh[1446]: set alarm for 600 secs
2023/06/27 20:22:35 autossh[1963]: child of 1446 execing /usr/bin/ssh
2023/06/27 20:32:35 autossh[1446]: received SIGALRM (end-of-life 0)
2023/06/27 20:32:50 autossh[1446]: timeout polling to accept read connection
2023/06/27 20:32:50 autossh[1446]: port down, restarting ssh
2023/06/27 20:32:50 autossh[1446]: clear alarm timer (0 secs left)
2023/06/27 20:32:50 autossh[1446]: checking for grace period, tries = 0
2023/06/27 20:32:50 autossh[1446]: starting ssh (count 3)
2023/06/27 20:32:50 autossh[1446]: ssh child pid is 2175
2023/06/27 20:32:50 autossh[1446]: check on child 2175
2023/06/27 20:32:50 autossh[1446]: clear alarm timer (0 secs left)
2023/06/27 20:32:50 autossh[1446]: set alarm for 600 secs
2023/06/27 20:32:50 autossh[2175]: child of 1446 execing /usr/bin/ssh
2023/06/27 20:41:32 autossh[1446]: check on child 2175
2023/06/27 20:41:32 autossh[1446]: clear alarm timer (78 secs left)
2023/06/27 20:41:32 autossh[1446]: set alarm for 78 secs
2023/06/27 20:41:32 autossh[1446]: signalled to exit
2023/06/27 20:41:32 autossh[1446]: check on child 2175
2023/06/27 20:41:32 autossh[1446]: clear alarm timer (78 secs left)
2023/06/27 20:41:32 autossh[1446]: set alarm for 78 secs
2023/06/27 20:41:32 autossh[1446]: signalled to exit
2023/06/27 20:41:32 autossh[1446]: waitpid() not successful: No child processes
2023/06/27 20:41:32 autossh[1446]: clear alarm timer (78 secs left)

############################ bjorn - 06/28/23 00:12:21 EST -0500 ############################

2023/06/28 00:12:21 autossh[1498]: checking for grace period, tries = 0
2023/06/28 00:12:21 autossh[1498]: starting ssh (count 1)
2023/06/28 00:12:21 autossh[1498]: ssh child pid is 1499
2023/06/28 00:12:21 autossh[1498]: check on child 1499
2023/06/28 00:12:21 autossh[1498]: clear alarm timer (0 secs left)
2023/06/28 00:12:21 autossh[1498]: set alarm for 600 secs
2023/06/28 00:12:21 autossh[1499]: child of 1498 execing /usr/bin/ssh
2023/06/28 00:22:21 autossh[1498]: received SIGALRM (end-of-life 0)
2023/06/28 00:22:36 autossh[1498]: timeout polling to accept read connection
2023/06/28 00:22:36 autossh[1498]: port down, restarting ssh
2023/06/28 00:22:36 autossh[1498]: clear alarm timer (0 secs left)
2023/06/28 00:22:36 autossh[1498]: checking for grace period, tries = 0
2023/06/28 00:22:36 autossh[1498]: starting ssh (count 2)
2023/06/28 00:22:36 autossh[1498]: ssh child pid is 2220
2023/06/28 00:22:36 autossh[1498]: check on child 2220
2023/06/28 00:22:36 autossh[1498]: clear alarm timer (0 secs left)
2023/06/28 00:22:36 autossh[1498]: set alarm for 600 secs
2023/06/28 00:22:36 autossh[2220]: child of 1498 execing /usr/bin/ssh
2023/06/28 00:32:36 autossh[1498]: received SIGALRM (end-of-life 0)
2023/06/28 00:32:51 autossh[1498]: timeout polling to accept read connection
2023/06/28 00:32:51 autossh[1498]: port down, restarting ssh
2023/06/28 00:32:51 autossh[1498]: clear alarm timer (0 secs left)
2023/06/28 00:32:51 autossh[1498]: checking for grace period, tries = 0
2023/06/28 00:32:51 autossh[1498]: starting ssh (count 3)
2023/06/28 00:32:51 autossh[1498]: ssh child pid is 2481
2023/06/28 00:32:51 autossh[1498]: check on child 2481
2023/06/28 00:32:51 autossh[1498]: clear alarm timer (0 secs left)
2023/06/28 00:32:51 autossh[1498]: set alarm for 600 secs
2023/06/28 00:32:51 autossh[2481]: child of 1498 execing /usr/bin/ssh
2023/06/28 00:41:32 autossh[1498]: received signal to exit (15)
2023/06/28 00:41:32 autossh[1498]: clear alarm timer (78 secs left)

############################ bjorn - 06/28/23 08:12:21 EST -0500 ############################

2023/06/28 08:12:21 autossh[1452]: checking for grace period, tries = 0
2023/06/28 08:12:21 autossh[1452]: starting ssh (count 1)
2023/06/28 08:12:21 autossh[1452]: ssh child pid is 1453
2023/06/28 08:12:21 autossh[1452]: check on child 1453
2023/06/28 08:12:21 autossh[1452]: clear alarm timer (0 secs left)
2023/06/28 08:12:21 autossh[1452]: set alarm for 600 secs
2023/06/28 08:12:21 autossh[1453]: child of 1452 execing /usr/bin/ssh
2023/06/28 08:22:21 autossh[1452]: received SIGALRM (end-of-life 0)
2023/06/28 08:22:36 autossh[1452]: timeout polling to accept read connection
2023/06/28 08:22:36 autossh[1452]: port down, restarting ssh
2023/06/28 08:22:36 autossh[1452]: clear alarm timer (0 secs left)
2023/06/28 08:22:36 autossh[1452]: checking for grace period, tries = 0
2023/06/28 08:22:36 autossh[1452]: starting ssh (count 2)
2023/06/28 08:22:36 autossh[1452]: ssh child pid is 2329
2023/06/28 08:22:36 autossh[1452]: check on child 2329
2023/06/28 08:22:36 autossh[1452]: clear alarm timer (0 secs left)
2023/06/28 08:22:36 autossh[1452]: set alarm for 600 secs
2023/06/28 08:22:36 autossh[2329]: child of 1452 execing /usr/bin/ssh
2023/06/28 08:32:36 autossh[1452]: received SIGALRM (end-of-life 0)
2023/06/28 08:32:51 autossh[1452]: timeout polling to accept read connection
2023/06/28 08:32:51 autossh[1452]: port down, restarting ssh
2023/06/28 08:32:51 autossh[1452]: clear alarm timer (0 secs left)
2023/06/28 08:32:51 autossh[1452]: checking for grace period, tries = 0
2023/06/28 08:32:51 autossh[1452]: starting ssh (count 3)
2023/06/28 08:32:51 autossh[1452]: ssh child pid is 2596
2023/06/28 08:32:51 autossh[1452]: check on child 2596
2023/06/28 08:32:51 autossh[1452]: clear alarm timer (0 secs left)
2023/06/28 08:32:51 autossh[1452]: set alarm for 600 secs
2023/06/28 08:32:51 autossh[2596]: child of 1452 execing /usr/bin/ssh
2023/06/28 08:41:33 autossh[1452]: check on child 2596
2023/06/28 08:41:33 autossh[1452]: clear alarm timer (78 secs left)
2023/06/28 08:41:33 autossh[1452]: set alarm for 78 secs
2023/06/28 08:41:33 autossh[1452]: signalled to exit
2023/06/28 08:41:33 autossh[1452]: check on child 2596
2023/06/28 08:41:33 autossh[1452]: clear alarm timer (78 secs left)
2023/06/28 08:41:33 autossh[1452]: set alarm for 78 secs
2023/06/28 08:41:33 autossh[1452]: signalled to exit
2023/06/28 08:41:33 autossh[1452]: check on child 2596
2023/06/28 08:41:33 autossh[1452]: clear alarm timer (78 secs left)
2023/06/28 08:41:33 autossh[1452]: set alarm for 78 secs
2023/06/28 08:41:33 autossh[1452]: signalled to exit
2023/06/28 08:41:33 autossh[1452]: waitpid() not successful: No child processes
2023/06/28 08:41:33 autossh[1452]: clear alarm timer (78 secs left)

############################ bjorn - 06/28/23 14:12:21 EST -0500 ############################

2023/06/28 14:12:21 autossh[1493]: checking for grace period, tries = 0
2023/06/28 14:12:21 autossh[1493]: starting ssh (count 1)
2023/06/28 14:12:21 autossh[1494]: child of 1493 execing /usr/bin/ssh
2023/06/28 14:12:21 autossh[1493]: ssh child pid is 1494
2023/06/28 14:12:21 autossh[1493]: check on child 1494
2023/06/28 14:12:21 autossh[1493]: clear alarm timer (0 secs left)
2023/06/28 14:12:21 autossh[1493]: set alarm for 600 secs
2023/06/28 14:22:21 autossh[1493]: received SIGALRM (end-of-life 0)
2023/06/28 14:22:36 autossh[1493]: timeout polling to accept read connection
2023/06/28 14:22:36 autossh[1493]: port down, restarting ssh
2023/06/28 14:22:36 autossh[1493]: clear alarm timer (0 secs left)
2023/06/28 14:22:36 autossh[1493]: checking for grace period, tries = 0
2023/06/28 14:22:36 autossh[1493]: starting ssh (count 2)
2023/06/28 14:22:36 autossh[1493]: ssh child pid is 2074
2023/06/28 14:22:36 autossh[1493]: check on child 2074
2023/06/28 14:22:36 autossh[1493]: clear alarm timer (0 secs left)
2023/06/28 14:22:36 autossh[1493]: set alarm for 600 secs
2023/06/28 14:22:36 autossh[2074]: child of 1493 execing /usr/bin/ssh
2023/06/28 14:32:36 autossh[1493]: received SIGALRM (end-of-life 0)
2023/06/28 14:32:51 autossh[1493]: timeout polling to accept read connection
2023/06/28 14:32:51 autossh[1493]: port down, restarting ssh
2023/06/28 14:32:51 autossh[1493]: clear alarm timer (0 secs left)
2023/06/28 14:32:51 autossh[1493]: checking for grace period, tries = 0
2023/06/28 14:32:51 autossh[1493]: starting ssh (count 3)
2023/06/28 14:32:51 autossh[1493]: ssh child pid is 2408
2023/06/28 14:32:51 autossh[1493]: check on child 2408
2023/06/28 14:32:51 autossh[1493]: clear alarm timer (0 secs left)
2023/06/28 14:32:51 autossh[1493]: set alarm for 600 secs
2023/06/28 14:32:51 autossh[2408]: child of 1493 execing /usr/bin/ssh
2023/06/28 14:41:33 autossh[1493]: check on child 2408
2023/06/28 14:41:33 autossh[1493]: clear alarm timer (77 secs left)
2023/06/28 14:41:33 autossh[1493]: set alarm for 77 secs
2023/06/28 14:41:33 autossh[1493]: signalled to exit
2023/06/28 14:41:34 autossh[1493]: check on child 2408
2023/06/28 14:41:34 autossh[1493]: clear alarm timer (77 secs left)
2023/06/28 14:41:34 autossh[1493]: set alarm for 77 secs
2023/06/28 14:41:34 autossh[1493]: signalled to exit
2023/06/28 14:41:34 autossh[1493]: waitpid() not successful: No child processes
2023/06/28 14:41:34 autossh[1493]: clear alarm timer (77 secs left)

############################ bjorn - 06/28/23 20:12:21 EST -0500 ############################

2023/06/28 20:12:21 autossh[1548]: checking for grace period, tries = 0
2023/06/28 20:12:21 autossh[1548]: starting ssh (count 1)
2023/06/28 20:12:21 autossh[1548]: ssh child pid is 1549
2023/06/28 20:12:21 autossh[1548]: check on child 1549
2023/06/28 20:12:21 autossh[1548]: clear alarm timer (0 secs left)
2023/06/28 20:12:21 autossh[1548]: set alarm for 600 secs
2023/06/28 20:12:21 autossh[1549]: child of 1548 execing /usr/bin/ssh
2023/06/28 20:22:21 autossh[1548]: received SIGALRM (end-of-life 0)
2023/06/28 20:22:36 autossh[1548]: timeout polling to accept read connection
2023/06/28 20:22:36 autossh[1548]: port down, restarting ssh
2023/06/28 20:22:36 autossh[1548]: clear alarm timer (0 secs left)
2023/06/28 20:22:36 autossh[1548]: checking for grace period, tries = 0
2023/06/28 20:22:36 autossh[1548]: starting ssh (count 2)
2023/06/28 20:22:36 autossh[1548]: ssh child pid is 2110
2023/06/28 20:22:36 autossh[1548]: check on child 2110
2023/06/28 20:22:36 autossh[1548]: clear alarm timer (0 secs left)
2023/06/28 20:22:36 autossh[1548]: set alarm for 600 secs
2023/06/28 20:22:36 autossh[2110]: child of 1548 execing /usr/bin/ssh
2023/06/28 20:32:36 autossh[1548]: received SIGALRM (end-of-life 0)
2023/06/28 20:32:51 autossh[1548]: timeout polling to accept read connection
2023/06/28 20:32:51 autossh[1548]: port down, restarting ssh
2023/06/28 20:32:51 autossh[1548]: clear alarm timer (0 secs left)
2023/06/28 20:32:51 autossh[1548]: checking for grace period, tries = 0
2023/06/28 20:32:51 autossh[1548]: starting ssh (count 3)
2023/06/28 20:32:51 autossh[1548]: ssh child pid is 2323
2023/06/28 20:32:51 autossh[1548]: check on child 2323
2023/06/28 20:32:51 autossh[1548]: clear alarm timer (0 secs left)
2023/06/28 20:32:51 autossh[1548]: set alarm for 600 secs
2023/06/28 20:32:51 autossh[2323]: child of 1548 execing /usr/bin/ssh
2023/06/28 20:41:34 autossh[1548]: received signal to exit (15)
2023/06/28 20:41:34 autossh[1548]: clear alarm timer (77 secs left)

############################ bjorn - 06/29/23 00:12:21 EST -0500 ############################

2023/06/29 00:12:21 autossh[1469]: checking for grace period, tries = 0
2023/06/29 00:12:21 autossh[1469]: starting ssh (count 1)
2023/06/29 00:12:21 autossh[1469]: ssh child pid is 1470
2023/06/29 00:12:21 autossh[1469]: check on child 1470
2023/06/29 00:12:21 autossh[1469]: clear alarm timer (0 secs left)
2023/06/29 00:12:21 autossh[1469]: set alarm for 600 secs
2023/06/29 00:12:21 autossh[1470]: child of 1469 execing /usr/bin/ssh
2023/06/29 00:22:21 autossh[1469]: received SIGALRM (end-of-life 0)
2023/06/29 00:22:36 autossh[1469]: timeout polling to accept read connection
2023/06/29 00:22:36 autossh[1469]: port down, restarting ssh
2023/06/29 00:22:36 autossh[1469]: clear alarm timer (0 secs left)
2023/06/29 00:22:36 autossh[1469]: checking for grace period, tries = 0
2023/06/29 00:22:36 autossh[1469]: starting ssh (count 2)
2023/06/29 00:22:36 autossh[1469]: ssh child pid is 2282
2023/06/29 00:22:36 autossh[1469]: check on child 2282
2023/06/29 00:22:36 autossh[1469]: clear alarm timer (0 secs left)
2023/06/29 00:22:36 autossh[1469]: set alarm for 600 secs
2023/06/29 00:22:36 autossh[2282]: child of 1469 execing /usr/bin/ssh
2023/06/29 00:32:36 autossh[1469]: received SIGALRM (end-of-life 0)
2023/06/29 00:32:51 autossh[1469]: timeout polling to accept read connection
2023/06/29 00:32:51 autossh[1469]: port down, restarting ssh
2023/06/29 00:32:51 autossh[1469]: clear alarm timer (0 secs left)
2023/06/29 00:32:51 autossh[1469]: checking for grace period, tries = 0
2023/06/29 00:32:51 autossh[1469]: starting ssh (count 3)
2023/06/29 00:32:51 autossh[1469]: ssh child pid is 2535
2023/06/29 00:32:51 autossh[1469]: check on child 2535
2023/06/29 00:32:51 autossh[1469]: clear alarm timer (0 secs left)
2023/06/29 00:32:51 autossh[1469]: set alarm for 600 secs
2023/06/29 00:32:51 autossh[2535]: child of 1469 execing /usr/bin/ssh
2023/06/29 00:41:34 autossh[1469]: received signal to exit (15)
2023/06/29 00:41:34 autossh[1469]: clear alarm timer (77 secs left)

############################ bjorn - 06/29/23 08:12:21 EST -0500 ############################

2023/06/29 08:12:21 autossh[1441]: checking for grace period, tries = 0
2023/06/29 08:12:21 autossh[1441]: starting ssh (count 1)
2023/06/29 08:12:21 autossh[1441]: ssh child pid is 1442
2023/06/29 08:12:21 autossh[1441]: check on child 1442
2023/06/29 08:12:21 autossh[1442]: child of 1441 execing /usr/bin/ssh
2023/06/29 08:12:21 autossh[1441]: clear alarm timer (0 secs left)
2023/06/29 08:12:21 autossh[1441]: set alarm for 600 secs
2023/06/29 08:22:21 autossh[1441]: received SIGALRM (end-of-life 0)
2023/06/29 08:22:36 autossh[1441]: timeout polling to accept read connection
2023/06/29 08:22:36 autossh[1441]: port down, restarting ssh
2023/06/29 08:22:36 autossh[1441]: clear alarm timer (0 secs left)
2023/06/29 08:22:36 autossh[1441]: checking for grace period, tries = 0
2023/06/29 08:22:36 autossh[1441]: starting ssh (count 2)
2023/06/29 08:22:36 autossh[1441]: ssh child pid is 2078
2023/06/29 08:22:36 autossh[1441]: check on child 2078
2023/06/29 08:22:36 autossh[1441]: clear alarm timer (0 secs left)
2023/06/29 08:22:36 autossh[1441]: set alarm for 600 secs
2023/06/29 08:22:36 autossh[2078]: child of 1441 execing /usr/bin/ssh
2023/06/29 08:32:36 autossh[1441]: received SIGALRM (end-of-life 0)
2023/06/29 08:32:51 autossh[1441]: timeout polling to accept read connection
2023/06/29 08:32:51 autossh[1441]: port down, restarting ssh
2023/06/29 08:32:51 autossh[1441]: clear alarm timer (0 secs left)
2023/06/29 08:32:51 autossh[1441]: checking for grace period, tries = 0
2023/06/29 08:32:51 autossh[1441]: starting ssh (count 3)
2023/06/29 08:32:51 autossh[1441]: ssh child pid is 2290
2023/06/29 08:32:51 autossh[1441]: check on child 2290
2023/06/29 08:32:51 autossh[1441]: clear alarm timer (0 secs left)
2023/06/29 08:32:51 autossh[1441]: set alarm for 600 secs
2023/06/29 08:32:51 autossh[2290]: child of 1441 execing /usr/bin/ssh
2023/06/29 08:41:33 autossh[1441]: received signal to exit (15)
2023/06/29 08:41:33 autossh[1441]: clear alarm timer (78 secs left)

############################ bjorn - 06/29/23 14:12:21 EST -0500 ############################

2023/06/29 14:12:22 autossh[1502]: checking for grace period, tries = 0
2023/06/29 14:12:22 autossh[1502]: starting ssh (count 1)
2023/06/29 14:12:22 autossh[1503]: child of 1502 execing /usr/bin/ssh
2023/06/29 14:12:22 autossh[1502]: ssh child pid is 1503
2023/06/29 14:12:22 autossh[1502]: check on child 1503
2023/06/29 14:12:22 autossh[1502]: clear alarm timer (0 secs left)
2023/06/29 14:12:22 autossh[1502]: set alarm for 600 secs
2023/06/29 14:22:22 autossh[1502]: received SIGALRM (end-of-life 0)
2023/06/29 14:22:37 autossh[1502]: timeout polling to accept read connection
2023/06/29 14:22:37 autossh[1502]: port down, restarting ssh
2023/06/29 14:22:37 autossh[1502]: clear alarm timer (0 secs left)
2023/06/29 14:22:37 autossh[1502]: checking for grace period, tries = 0
2023/06/29 14:22:37 autossh[1502]: starting ssh (count 2)
2023/06/29 14:22:37 autossh[1502]: ssh child pid is 2025
2023/06/29 14:22:37 autossh[1502]: check on child 2025
2023/06/29 14:22:37 autossh[1502]: clear alarm timer (0 secs left)
2023/06/29 14:22:37 autossh[1502]: set alarm for 600 secs
2023/06/29 14:22:37 autossh[2025]: child of 1502 execing /usr/bin/ssh
2023/06/29 14:32:37 autossh[1502]: received SIGALRM (end-of-life 0)
2023/06/29 14:32:52 autossh[1502]: timeout polling to accept read connection
2023/06/29 14:32:52 autossh[1502]: port down, restarting ssh
2023/06/29 14:32:52 autossh[1502]: clear alarm timer (0 secs left)
2023/06/29 14:32:52 autossh[1502]: checking for grace period, tries = 0
2023/06/29 14:32:52 autossh[1502]: starting ssh (count 3)
2023/06/29 14:32:52 autossh[1502]: ssh child pid is 2292
2023/06/29 14:32:52 autossh[1502]: check on child 2292
2023/06/29 14:32:52 autossh[1502]: clear alarm timer (0 secs left)
2023/06/29 14:32:52 autossh[1502]: set alarm for 600 secs
2023/06/29 14:32:52 autossh[2292]: child of 1502 execing /usr/bin/ssh
2023/06/29 14:41:34 autossh[1502]: received signal to exit (15)
2023/06/29 14:41:34 autossh[1502]: clear alarm timer (78 secs left)

############################ bjorn - 06/29/23 20:12:21 EST -0500 ############################

2023/06/29 20:12:21 autossh[1412]: checking for grace period, tries = 0
2023/06/29 20:12:21 autossh[1412]: starting ssh (count 1)
2023/06/29 20:12:21 autossh[1412]: ssh child pid is 1413
2023/06/29 20:12:21 autossh[1412]: check on child 1413
2023/06/29 20:12:21 autossh[1412]: clear alarm timer (0 secs left)
2023/06/29 20:12:21 autossh[1412]: set alarm for 600 secs
2023/06/29 20:12:21 autossh[1413]: child of 1412 execing /usr/bin/ssh
