12/14/23 16:26:10 EST -0500 | ########## START ##########
12/14/23 16:26:10 EST -0500 | [main 06cb398] 12/14/23 16:26:10 EST -0500
12/14/23 16:26:10 EST -0500 |  1 file changed, 1 insertion(+), 1 deletion(-)
12/14/23 16:26:12 EST -0500 | Current branch main is up to date.
12/14/23 16:26:13 EST -0500 | To github.com:FLARE-forecast/BVRE-data.git
12/14/23 16:26:13 EST -0500 |    c2016a8..06cb398  main -> main
12/14/23 16:26:13 EST -0500 | ##########  END  ##########
12/14/23 20:26:11 EST -0500 | ########## START ##########
12/14/23 20:26:11 EST -0500 | [main 2fe0e28] 12/14/23 20:26:11 EST -0500
12/14/23 20:26:11 EST -0500 |  1 file changed, 1 insertion(+), 1 deletion(-)
12/14/23 20:26:12 EST -0500 | Current branch main is up to date.
12/14/23 20:26:13 EST -0500 | To github.com:FLARE-forecast/BVRE-data.git
12/14/23 20:26:13 EST -0500 |    06cb398..2fe0e28  main -> main
12/14/23 20:26:13 EST -0500 | ##########  END  ##########
12/15/23 00:26:11 EST -0500 | ########## START ##########
12/15/23 00:26:11 EST -0500 | [main 748388d] 12/15/23 00:26:11 EST -0500
12/15/23 00:26:11 EST -0500 |  1 file changed, 1 insertion(+), 1 deletion(-)
12/15/23 00:26:13 EST -0500 | Current branch main is up to date.
12/15/23 00:26:14 EST -0500 | To github.com:FLARE-forecast/BVRE-data.git
12/15/23 00:26:14 EST -0500 |    2fe0e28..748388d  main -> main
12/15/23 00:26:14 EST -0500 | ##########  END  ##########
