
############################ bjorn - 06/23/23 12:54:23 EST -0500 ############################

 12:54:23 up 1 min,  0 users,  load average: 0.46, 0.16, 0.06


reboot   system boot  5.15.0-75-generi Fri Jun 23 12:53   still running
reboot   system boot  5.15.0-73-generi Fri Jun 23 12:24 - 12:52  (00:27)
reboot   system boot  5.15.0-73-generi Thu Jun 15 12:06 - 12:19  (00:13)
reboot   system boot  5.15.0-73-generi Tue Jun 13 16:13 - 16:37  (00:24)









[   15.176527] Initializing XFRM netlink socket
[   17.075962] systemd-journald[23]: Received client request to flush runtime journal.
[   17.096292] systemd-journald[23]: File /var/log/journal/a390ab7b5da041789c7c8333c3ddc3b9/system.journal corrupted or uncleanly shut down, renaming and replacing.
[   17.781598] device ovs-system entered promiscuous mode
[   17.794468] Timeout policy base is empty
[   17.794480] Failed to associated timeout policy `ovs_test_tp'
[   17.867015] device eviCIBR6 entered promiscuous mode
[   17.906768] device appCIBR6 entered promiscuous mode
[   36.942149] device CIBR6a110001fff entered promiscuous mode
[   37.012047] device CIBR6a110007fff entered promiscuous mode


Filesystem                         Size  Used Avail Use% Mounted on
/dev/mmcblk0p2                     2.0G  253M  1.6G  14% /boot
/dev/mmcblk0p1                     1.1G  6.1M  1.1G   1% /boot/efi
/dev/sda1                           59G  564M   55G   1% /data




enp1s0:
192.168.1.16/24


enp2s0


PING github.com (140.82.114.3) 56(84) bytes of data.
64 bytes from lb-140-82-114-3-iad.github.com (140.82.114.3): icmp_seq=1 ttl=53 time=26.1 ms
64 bytes from lb-140-82-114-3-iad.github.com (140.82.114.3): icmp_seq=2 ttl=53 time=25.8 ms
64 bytes from lb-140-82-114-3-iad.github.com (140.82.114.3): icmp_seq=3 ttl=53 time=25.9 ms

--- github.com ping statistics ---
3 packets transmitted, 3 received, 0% packet loss, time 2004ms
rtt min/avg/max/mdev = 25.831/25.951/26.142/0.136 ms


PING 8.8.8.8 (8.8.8.8) 56(84) bytes of data.
64 bytes from 8.8.8.8: icmp_seq=1 ttl=119 time=9.89 ms
64 bytes from 8.8.8.8: icmp_seq=2 ttl=119 time=9.86 ms
64 bytes from 8.8.8.8: icmp_seq=3 ttl=119 time=9.99 ms

--- 8.8.8.8 ping statistics ---
3 packets transmitted, 3 received, 0% packet loss, time 2002ms
rtt min/avg/max/mdev = 9.861/9.911/9.985/0.053 ms

############################ bjorn - 06/23/23 15:42:38 EST -0500 ############################

 15:42:38 up 1 min,  0 users,  load average: 0.15, 0.07, 0.02


reboot   system boot  5.15.0-75-generi Fri Jun 23 15:41   still running
reboot   system boot  5.15.0-75-generi Fri Jun 23 12:53 - 13:03  (00:10)
reboot   system boot  5.15.0-73-generi Fri Jun 23 12:24 - 12:52  (00:27)
reboot   system boot  5.15.0-73-generi Thu Jun 15 12:06 - 12:19  (00:13)
reboot   system boot  5.15.0-73-generi Tue Jun 13 16:13 - 16:37  (00:24)








[   14.295282] Bridge firewalling registered
[   14.525814] Initializing XFRM netlink socket
[   16.398328] systemd-journald[23]: Received client request to flush runtime journal.
[   16.410649] systemd-journald[23]: File /var/log/journal/a390ab7b5da041789c7c8333c3ddc3b9/system.journal corrupted or uncleanly shut down, renaming and replacing.
[   17.164639] device ovs-system entered promiscuous mode
[   17.175912] Timeout policy base is empty
[   17.175925] Failed to associated timeout policy `ovs_test_tp'
[   17.270293] device eviCIBR6 entered promiscuous mode
[   17.307516] device appCIBR6 entered promiscuous mode
[   36.072270] device CIBR6a110001fff entered promiscuous mode


Filesystem                         Size  Used Avail Use% Mounted on
/dev/mmcblk0p2                     2.0G  253M  1.6G  14% /boot
/dev/mmcblk0p1                     1.1G  6.1M  1.1G   1% /boot/efi
/dev/sda1                           59G  564M   55G   1% /data




enp1s0:
192.168.1.16/24


enp2s0


PING github.com (140.82.112.4) 56(84) bytes of data.
64 bytes from lb-140-82-112-4-iad.github.com (140.82.112.4): icmp_seq=1 ttl=53 time=28.7 ms
64 bytes from lb-140-82-112-4-iad.github.com (140.82.112.4): icmp_seq=2 ttl=53 time=28.5 ms
64 bytes from lb-140-82-112-4-iad.github.com (140.82.112.4): icmp_seq=3 ttl=53 time=28.4 ms

--- github.com ping statistics ---
3 packets transmitted, 3 received, 0% packet loss, time 2003ms
rtt min/avg/max/mdev = 28.359/28.520/28.719/0.149 ms


PING 8.8.8.8 (8.8.8.8) 56(84) bytes of data.
64 bytes from 8.8.8.8: icmp_seq=1 ttl=119 time=9.94 ms
64 bytes from 8.8.8.8: icmp_seq=2 ttl=119 time=9.75 ms
64 bytes from 8.8.8.8: icmp_seq=3 ttl=119 time=9.76 ms

--- 8.8.8.8 ping statistics ---
3 packets transmitted, 3 received, 0% packet loss, time 2002ms
rtt min/avg/max/mdev = 9.751/9.817/9.939/0.085 ms
